  main.cpp
C:\Users\jdv09\source\repos\Chaos Screensaver With SFML\Chaos Screensaver With SFML\main.cpp(35,79): warning C4305: 'initializing': truncation from 'double' to 'const float'
C:\Users\jdv09\source\repos\Chaos Screensaver With SFML\Chaos Screensaver With SFML\main.cpp(108,18): warning C4244: '+=': conversion from 'double' to 'unsigned int', possible loss of data
C:\Users\jdv09\source\repos\Chaos Screensaver With SFML\Chaos Screensaver With SFML\main.cpp(208,59): warning C4244: 'argument': conversion from 'double' to 'unsigned int', possible loss of data
C:\Users\jdv09\source\repos\Chaos Screensaver With SFML\Chaos Screensaver With SFML\main.cpp(208,50): warning C4244: 'argument': conversion from 'double' to 'unsigned int', possible loss of data
C:\Users\jdv09\source\repos\Chaos Screensaver With SFML\Chaos Screensaver With SFML\main.cpp(227,61): warning C4244: 'initializing': conversion from 'double' to 'float', possible loss of data
C:\Users\jdv09\source\repos\Chaos Screensaver With SFML\Chaos Screensaver With SFML\main.cpp(227,16): warning C4244: 'initializing': conversion from 'double' to 'const float', possible loss of data
C:\Users\jdv09\source\repos\Chaos Screensaver With SFML\Chaos Screensaver With SFML\main.cpp(247,26): warning C4244: 'argument': conversion from 'const double' to 'T', possible loss of data
          with
          [
              T=float
          ]
C:\Users\jdv09\source\repos\Chaos Screensaver With SFML\Chaos Screensaver With SFML\main.cpp(247,22): warning C4244: 'argument': conversion from 'const double' to 'T', possible loss of data
          with
          [
              T=float
          ]
C:\Users\jdv09\source\repos\Chaos Screensaver With SFML\Chaos Screensaver With SFML\main.cpp(260,22): warning C4244: 'argument': conversion from 'double' to 'T', possible loss of data
          with
          [
              T=float
          ]
C:\Users\jdv09\source\repos\Chaos Screensaver With SFML\Chaos Screensaver With SFML\main.cpp(260,19): warning C4244: 'argument': conversion from 'double' to 'T', possible loss of data
          with
          [
              T=float
          ]
C:\Users\jdv09\source\repos\Chaos Screensaver With SFML\Chaos Screensaver With SFML\main.cpp(326,79): warning C4244: 'argument': conversion from 'double' to 'T', possible loss of data
          with
          [
              T=float
          ]
C:\Users\jdv09\source\repos\Chaos Screensaver With SFML\Chaos Screensaver With SFML\main.cpp(326,46): warning C4244: 'argument': conversion from 'double' to 'T', possible loss of data
          with
          [
              T=float
          ]
C:\Users\jdv09\source\repos\Chaos Screensaver With SFML\Chaos Screensaver With SFML\main.cpp(383,28): warning C4244: 'argument': conversion from 'double' to 'unsigned int', possible loss of data
C:\Users\jdv09\source\repos\Chaos Screensaver With SFML\Chaos Screensaver With SFML\main.cpp(383,16): warning C4244: 'argument': conversion from 'double' to 'unsigned int', possible loss of data
C:\Users\jdv09\source\repos\Chaos Screensaver With SFML\Chaos Screensaver With SFML\main.cpp(508,12): warning C4553: '==': result of expression not used; did you intend '='?
C:\Users\jdv09\source\repos\Chaos Screensaver With SFML\Chaos Screensaver With SFML\main.cpp(561,62): warning C4244: 'argument': conversion from 'double' to 'float', possible loss of data
C:\Users\jdv09\source\repos\Chaos Screensaver With SFML\Chaos Screensaver With SFML\main.cpp(561,39): warning C4244: 'argument': conversion from 'double' to 'float', possible loss of data
C:\Users\jdv09\source\repos\Chaos Screensaver With SFML\Chaos Screensaver With SFML\main.cpp(562,66): warning C4244: 'argument': conversion from 'double' to 'T', possible loss of data
          with
          [
              T=float
          ]
C:\Users\jdv09\source\repos\Chaos Screensaver With SFML\Chaos Screensaver With SFML\main.cpp(562,50): warning C4244: 'argument': conversion from 'double' to 'T', possible loss of data
          with
          [
              T=float
          ]
  Generating code
  1 of 431 functions ( 0.2%) were compiled, the rest were copied from previous compilation.
    0 functions were new in current compilation
    0 functions had inline decision re-evaluated but remain unchanged
  Finished generating code
  Chaos Screensaver With SFML.vcxproj -> C:\Users\jdv09\source\repos\Chaos Screensaver With SFML\x64\Release\Chaos Screensaver With SFML.exe
